# JRE version: OpenJDK Runtime Environment (8.0_202) (build 1.8.0_202-release-1483-b49-5587405)
# Java VM: OpenJDK 64-Bit Server VM (25.202-b49-5587405 mixed mode linux-amd64 compressed oops)
Heap:
 PSYoungGen      total 141824K, used 0K [0x00000000d8400000, 0x00000000e2e00000, 0x0000000100000000)
  eden space 110592K, 0% used [0x00000000d8400000,0x00000000d8400000,0x00000000df000000)
  from space 31232K, 0% used [0x00000000e0f80000,0x00000000e0f80000,0x00000000e2e00000)
  to   space 31744K, 0% used [0x00000000df000000,0x00000000df000000,0x00000000e0f00000)
 ParOldGen       total 103424K, used 60429K [0x0000000088c00000, 0x000000008f100000, 0x00000000d8400000)
  object space 103424K, 58% used [0x0000000088c00000,0x000000008c7037a0,0x000000008f100000)
 Metaspace       used 57953K, capacity 58908K, committed 59136K, reserved 1101824K
  class space    used 7025K, capacity 7323K, committed 7424K, reserved 1048576K
GC Heap History (10 events):
Event: 4.619 GC heap after
Heap after GC invocations=8 (full 2):
 PSYoungGen      total 83456K, used 0K [0x00000000d8400000, 0x00000000e0080000, 0x0000000100000000)
  eden space 67584K, 0% used [0x00000000d8400000,0x00000000d8400000,0x00000000dc600000)
  from space 15872K, 0% used [0x00000000dd500000,0x00000000dd500000,0x00000000de480000)
  to   space 15360K, 0% used [0x00000000dc600000,0x00000000dc600000,0x00000000dd500000)
 ParOldGen       total 103424K, used 17691K [0x0000000088c00000, 0x000000008f100000, 0x00000000d8400000)
  object space 103424K, 17% used [0x0000000088c00000,0x0000000089d46c60,0x000000008f100000)
 Metaspace       used 34737K, capacity 35258K, committed 35496K, reserved 1081344K
  class space    used 4438K, capacity 4586K, committed 4608K, reserved 1048576K
}
Event: 6.282 GC heap before
{Heap before GC invocations=9 (full 2):
 PSYoungGen      total 83456K, used 67584K [0x00000000d8400000, 0x00000000e0080000, 0x0000000100000000)
  eden space 67584K, 100% used [0x00000000d8400000,0x00000000dc600000,0x00000000dc600000)
  from space 15872K, 0% used [0x00000000dd500000,0x00000000dd500000,0x00000000de480000)
  to   space 15360K, 0% used [0x00000000dc600000,0x00000000dc600000,0x00000000dd500000)
 ParOldGen       total 103424K, used 17691K [0x0000000088c00000, 0x000000008f100000, 0x00000000d8400000)
  object space 103424K, 17% used [0x0000000088c00000,0x0000000089d46c60,0x000000008f100000)
 Metaspace       used 42441K, capacity 43112K, committed 43520K, reserved 1087488K
  class space    used 5390K, capacity 5587K, committed 5632K, reserved 1048576K
Event: 6.300 GC heap after
Heap after GC invocations=9 (full 2):
 PSYoungGen      total 82944K, used 15352K [0x00000000d8400000, 0x00000000e0780000, 0x0000000100000000)
  eden space 67584K, 0% used [0x00000000d8400000,0x00000000d8400000,0x00000000dc600000)
  from space 15360K, 99% used [0x00000000dc600000,0x00000000dd4fe090,0x00000000dd500000)
  to   space 20480K, 0% used [0x00000000df380000,0x00000000df380000,0x00000000e0780000)
 ParOldGen       total 103424K, used 23833K [0x0000000088c00000, 0x000000008f100000, 0x00000000d8400000)
  object space 103424K, 23% used [0x0000000088c00000,0x000000008a346788,0x000000008f100000)
 Metaspace       used 42441K, capacity 43112K, committed 43520K, reserved 1087488K
  class space    used 5390K, capacity 5587K, committed 5632K, reserved 1048576K
}
Event: 7.781 GC heap before
{Heap before GC invocations=10 (full 2):
 PSYoungGen      total 82944K, used 82936K [0x00000000d8400000, 0x00000000e0780000, 0x0000000100000000)
  eden space 67584K, 100% used [0x00000000d8400000,0x00000000dc600000,0x00000000dc600000)
  from space 15360K, 99% used [0x00000000dc600000,0x00000000dd4fe090,0x00000000dd500000)
  to   space 20480K, 0% used [0x00000000df380000,0x00000000df380000,0x00000000e0780000)
 ParOldGen       total 103424K, used 23833K [0x0000000088c00000, 0x000000008f100000, 0x00000000d8400000)
  object space 103424K, 23% used [0x0000000088c00000,0x000000008a346788,0x000000008f100000)
 Metaspace       used 46094K, capacity 46866K, committed 47232K, reserved 1091584K
  class space    used 5726K, capacity 5968K, committed 6016K, reserved 1048576K
Event: 7.819 GC heap after
Heap after GC invocations=10 (full 2):
 PSYoungGen      total 109056K, used 20463K [0x00000000d8400000, 0x00000000e1280000, 0x0000000100000000)
  eden space 88576K, 0% used [0x00000000d8400000,0x00000000d8400000,0x00000000dda80000)
  from space 20480K, 99% used [0x00000000df380000,0x00000000e077bed0,0x00000000e0780000)
  to   space 25600K, 0% used [0x00000000dda80000,0x00000000dda80000,0x00000000df380000)
 ParOldGen       total 103424K, used 29476K [0x0000000088c00000, 0x000000008f100000, 0x00000000d8400000)
  object space 103424K, 28% used [0x0000000088c00000,0x000000008a8c93a8,0x000000008f100000)
 Metaspace       used 46094K, capacity 46866K, committed 47232K, reserved 1091584K
  class space    used 5726K, capacity 5968K, committed 6016K, reserved 1048576K
}
Event: 10.884 GC heap before
{Heap before GC invocations=11 (full 2):
 PSYoungGen      total 109056K, used 109039K [0x00000000d8400000, 0x00000000e1280000, 0x0000000100000000)
  eden space 88576K, 100% used [0x00000000d8400000,0x00000000dda80000,0x00000000dda80000)
  from space 20480K, 99% used [0x00000000df380000,0x00000000e077bed0,0x00000000e0780000)
  to   space 25600K, 0% used [0x00000000dda80000,0x00000000dda80000,0x00000000df380000)
 ParOldGen       total 103424K, used 29476K [0x0000000088c00000, 0x000000008f100000, 0x00000000d8400000)
  object space 103424K, 28% used [0x0000000088c00000,0x000000008a8c93a8,0x000000008f100000)
 Metaspace       used 51233K, capacity 52156K, committed 52480K, reserved 1095680K
  class space    used 6291K, capacity 6561K, committed 6656K, reserved 1048576K
Event: 10.948 GC heap after
Heap after GC invocations=11 (full 2):
 PSYoungGen      total 114176K, used 25597K [0x00000000d8400000, 0x00000000e3000000, 0x0000000100000000)
  eden space 88576K, 0% used [0x00000000d8400000,0x00000000d8400000,0x00000000dda80000)
  from space 25600K, 99% used [0x00000000dda80000,0x00000000df37f460,0x00000000df380000)
  to   space 33280K, 0% used [0x00000000e0f80000,0x00000000e0f80000,0x00000000e3000000)
 ParOldGen       total 103424K, used 38929K [0x0000000088c00000, 0x000000008f100000, 0x00000000d8400000)
  object space 103424K, 37% used [0x0000000088c00000,0x000000008b2045d8,0x000000008f100000)
 Metaspace       used 51233K, capacity 52156K, committed 52480K, reserved 1095680K
  class space    used 6291K, capacity 6561K, committed 6656K, reserved 1048576K
}
Event: 12.658 GC heap before
{Heap before GC invocations=12 (full 2):
 PSYoungGen      total 114176K, used 70342K [0x00000000d8400000, 0x00000000e3000000, 0x0000000100000000)
  eden space 88576K, 50% used [0x00000000d8400000,0x00000000dafb24d0,0x00000000dda80000)
  from space 25600K, 99% used [0x00000000dda80000,0x00000000df37f460,0x00000000df380000)
  to   space 33280K, 0% used [0x00000000e0f80000,0x00000000e0f80000,0x00000000e3000000)
 ParOldGen       total 103424K, used 38929K [0x0000000088c00000, 0x000000008f100000, 0x00000000d8400000)
  object space 103424K, 37% used [0x0000000088c00000,0x000000008b2045d8,0x000000008f100000)
 Metaspace       used 57953K, capacity 58908K, committed 59136K, reserved 1101824K
  class space    used 7025K, capacity 7323K, committed 7424K, reserved 1048576K
Event: 12.708 GC heap after
Heap after GC invocations=12 (full 2):
 PSYoungGen      total 141824K, used 12973K [0x00000000d8400000, 0x00000000e2e00000, 0x0000000100000000)
  eden space 110592K, 0% used [0x00000000d8400000,0x00000000d8400000,0x00000000df000000)
  from space 31232K, 41% used [0x00000000e0f80000,0x00000000e1c2b4f8,0x00000000e2e00000)
  to   space 31744K, 0% used [0x00000000df000000,0x00000000df000000,0x00000000e0f00000)
 ParOldGen       total 103424K, used 57485K [0x0000000088c00000, 0x000000008f100000, 0x00000000d8400000)
  object space 103424K, 55% used [0x0000000088c00000,0x000000008c423720,0x000000008f100000)
 Metaspace       used 57953K, capacity 58908K, committed 59136K, reserved 1101824K
  class space    used 7025K, capacity 7323K, committed 7424K, reserved 1048576K
}
Event: 12.708 GC heap before
{Heap before GC invocations=13 (full 3):
 PSYoungGen      total 141824K, used 12973K [0x00000000d8400000, 0x00000000e2e00000, 0x0000000100000000)
  eden space 110592K, 0% used [0x00000000d8400000,0x00000000d8400000,0x00000000df000000)
  from space 31232K, 41% used [0x00000000e0f80000,0x00000000e1c2b4f8,0x00000000e2e00000)
  to   space 31744K, 0% used [0x00000000df000000,0x00000000df000000,0x00000000e0f00000)
 ParOldGen       total 103424K, used 57485K [0x0000000088c00000, 0x000000008f100000, 0x00000000d8400000)
  object space 103424K, 55% used [0x0000000088c00000,0x000000008c423720,0x000000008f100000)
 Metaspace       used 57953K, capacity 58908K, committed 59136K, reserved 1101824K
  class space    used 7025K, capacity 7323K, committed 7424K, reserved 1048576K

